TN:
SF:/home/george/Documents/react/onlyDust/Disciplr-Contracts/src/lib.rs
FN:39,DisciplrVault::create_vault
FN:75,DisciplrVault::validate_milestone
FN:99,DisciplrVault::release_funds
FN:122,DisciplrVault::redirect_funds
FN:145,DisciplrVault::cancel_vault
FN:167,DisciplrVault::get_vault_state
FNF:6
FNDA:1,DisciplrVault::create_vault
FNDA:2,DisciplrVault::validate_milestone
FNDA:5,DisciplrVault::release_funds
FNDA:2,DisciplrVault::redirect_funds
FNDA:2,DisciplrVault::cancel_vault
FNDA:1,DisciplrVault::get_vault_state
DA:36,0
DA:39,1
DA:50,3
DA:53,1
DA:63,1
DA:64,4
DA:67,4
DA:68,3
DA:70,0
DA:75,2
DA:76,2
DA:77,1
DA:81,1
DA:82,2
DA:87,3
DA:88,4
DA:91,4
DA:92,3
DA:94,5
DA:99,5
DA:100,6
DA:101,2
DA:105,6
DA:106,3
DA:110,8
DA:111,2
DA:113,3
DA:114,8
DA:117,2
DA:122,2
DA:123,3
DA:124,2
DA:128,2
DA:129,4
DA:133,1
DA:134,2
DA:137,1
DA:138,2
DA:140,0
DA:145,2
DA:146,3
DA:147,2
DA:151,1
DA:152,2
DA:156,3
DA:157,3
DA:160,2
DA:161,4
DA:163,0
DA:167,1
DA:168,7
LF:51
LH:47
end_of_record
